<?xml version="1.0" encoding="UTF-8"?>
<!-- Generated by org.testng.reporters.JUnitReportReporter -->
<testsuite hostname="QT-INBG-LT0186" failures="0" tests="1" name="Testframework.Restassured.weather" time="3.713" errors="0" timestamp="7 Apr 2021 11:12:57 GMT">
  <testcase classname="Testframework.Restassured.weather" name="Weather" time="3.713"/>
</testsuite> <!-- Testframework.Restassured.weather -->
