<?xml version="1.0" encoding="UTF-8"?>
<!-- Generated by org.testng.reporters.JUnitReportReporter -->
<testsuite hostname="QT-INBG-LT0186" failures="0" tests="1" name="Testframework.Restassured.Listalltweets" time="3.523" errors="0" timestamp="7 Apr 2021 07:43:39 GMT">
  <testcase classname="Testframework.Restassured.Listalltweets" name="getuserTweet" time="3.523"/>
</testsuite> <!-- Testframework.Restassured.Listalltweets -->
