<?xml version="1.0" encoding="UTF-8"?>
<!-- Generated by org.testng.reporters.JUnitReportReporter -->
<testsuite hostname="QT-INBG-LT0186" failures="0" tests="1" name="Testframework.Restassured.Block" time="3.451" errors="0" timestamp="7 Apr 2021 12:58:53 GMT">
  <testcase classname="Testframework.Restassured.Block" name="block_user" time="3.451"/>
</testsuite> <!-- Testframework.Restassured.Block -->
