<?xml version="1.0" encoding="UTF-8"?>
<!-- Generated by org.testng.reporters.JUnitReportReporter -->
<testsuite hostname="QT-INBG-LT0186" failures="0" tests="1" name="Testframework.Restassured.first" time="3.623" errors="0" timestamp="6 Apr 2021 08:46:01 GMT">
  <testcase classname="Testframework.Restassured.first" name="Api" time="3.623"/>
</testsuite> <!-- Testframework.Restassured.first -->
