<?xml version="1.0" encoding="UTF-8"?>
<!-- Generated by org.testng.reporters.JUnitReportReporter -->
<testsuite hostname="QT-INBG-LT0186" failures="0" tests="4" name="Testframework.Restassured.TrendingHashtag" time="5.142" errors="0" timestamp="7 Apr 2021 11:44:20 GMT">
  <testcase classname="Testframework.Restassured.TrendingHashtag" name="trending_HashTag" time="0.554"/>
  <testcase classname="Testframework.Restassured.TrendingHashtag" name="trending_HashTag" time="0.529"/>
  <testcase classname="Testframework.Restassured.TrendingHashtag" name="trending_HashTag" time="0.527"/>
  <testcase classname="Testframework.Restassured.TrendingHashtag" name="trending_HashTag" time="3.532"/>
</testsuite> <!-- Testframework.Restassured.TrendingHashtag -->
