<?xml version="1.0" encoding="UTF-8"?>
<!-- Generated by org.testng.reporters.JUnitReportReporter -->
<testsuite hostname="QT-INBG-LT0186" failures="0" tests="1" name="Testframework.Restassured.second" time="1.053" errors="0" timestamp="6 Apr 2021 08:46:01 GMT">
  <testcase classname="Testframework.Restassured.second" name="Api1" time="1.053"/>
</testsuite> <!-- Testframework.Restassured.second -->
