<?xml version="1.0" encoding="UTF-8"?>
<!-- Generated by org.testng.reporters.JUnitReportReporter -->
<testsuite hostname="QT-INBG-LT0186" failures="0" tests="2" name="Testframework.Restassured.twitter" time="5.562" errors="0" timestamp="8 Apr 2021 04:32:18 GMT">
  <testcase classname="Testframework.Restassured.twitter" name="createandDeletetweet" time="4.028"/>
  <testcase classname="Testframework.Restassured.twitter" name="getTweet" time="1.534"/>
</testsuite> <!-- Testframework.Restassured.twitter -->
