<?xml version="1.0" encoding="UTF-8"?>
<!-- Generated by org.testng.reporters.JUnitReportReporter -->
<testsuite hostname="QT-INBG-LT0186" failures="0" tests="1" name="Testframework.Restassured.AppTest" time="0.005" errors="0" timestamp="7 Apr 2021 05:22:44 GMT">
  <testcase classname="Testframework.Restassured.AppTest" name="shouldAnswerWithTrue" time="0.005"/>
</testsuite> <!-- Testframework.Restassured.AppTest -->
